<?xml version="1.0" encoding="UTF-8" ?>
<testsuite tests="4" failures="0" name="ec.edu.epn.git.calculator.CalculatorTest" time="0.138" errors="0" skipped="0">
  <properties>
[...]
</properties>
  <testcase classname="ec.edu.epn.git.calculator.CalculatorTest" name="given_two_integers_when_add_then_ok" time="0.012"/>
  <testcase classname="ec.edu.epn.git.calculator.CalculatorTest" name="given_two_integers_when_division_then_exception" time="0.011"/>
  <testcase classname="ec.edu.epn.git.calculator.CalculatorTest" name="given_two_integers_when_subtraction_then_ok" time="0.004"/>
  <testcase classname="ec.edu.epn.git.calculator.CalculatorTest" name="given_a_time_when_timeout_then_exception" time="0.111"/>
</testsuite>